<?xml version="1.0" encoding="UTF-8"?>
<!-- Generated by org.testng.reporters.JUnitReportReporter -->
<testsuite skipped="0" hostname="ip-172-31-29-188" name="Rest_API.POST_Request" tests="1" failures="0" timestamp="06 Dec 2021 11:13:43 GMT" time="1.482" errors="0">
  <testcase name="PostCall" time="1.482" classname="Rest_API.POST_Request"/>
</testsuite> <!-- Rest_API.POST_Request -->
